<?xml version="1.0" encoding="UTF-8"?>
<!-- Generated by org.testng.reporters.JUnitReportReporter -->
<testsuite hostname="GAURANGA-PC" failures="0" tests="1" name="com.SeleniumLearn.testCases.LoginTest" time="5.256" errors="0" timestamp="2021-05-01T19:22:24 IST" skipped="0">
  <testcase classname="com.SeleniumLearn.testCases.LoginTest" name="loginAsBankManager" time="5.256"/>
  <system-out/>
</testsuite> <!-- com.SeleniumLearn.testCases.LoginTest -->
