<?xml version="1.0" encoding="UTF-8"?>
<!-- Generated by org.testng.reporters.JUnitReportReporter -->
<testsuite skipped="0" hostname="GAURANGA-PC" name="com.SeleniumLearn.testCases.AddCustomerTest" tests="4" failures="0" timestamp="2021-05-10T15:49:05 IST" time="2.010" errors="0">
  <testcase name="addCustomerTest" time="0.423" classname="com.SeleniumLearn.testCases.AddCustomerTest"/>
  <system-out>
    <![CDATA[test case start
test case Passed
<a href="D:\q.jpg">Screenshot</a>]]>
  </system-out>
  <testcase name="addCustomerTest" time="0.514" classname="com.SeleniumLearn.testCases.AddCustomerTest"/>
  <system-out>
    <![CDATA[test case start
test case Passed
<a href="D:\q.jpg">Screenshot</a>]]>
  </system-out>
  <testcase name="addCustomerTest" time="0.404" classname="com.SeleniumLearn.testCases.AddCustomerTest"/>
  <system-out>
    <![CDATA[test case start
test case Passed
<a href="D:\q.jpg">Screenshot</a>]]>
  </system-out>
  <testcase name="addCustomerTest" time="0.669" classname="com.SeleniumLearn.testCases.AddCustomerTest"/>
  <system-out>
    <![CDATA[test case start
test case Passed
<a href="D:\q.jpg">Screenshot</a>]]>
  </system-out>
</testsuite> <!-- com.SeleniumLearn.testCases.AddCustomerTest -->
