<?xml version="1.0" encoding="UTF-8"?>
<!-- Generated by org.testng.reporters.JUnitReportReporter -->
<testsuite skipped="1" hostname="GAURANGA-PC" name="com.SeleniumLearn.testCases.BankManagerLoginTest" tests="1" failures="0" timestamp="2021-05-13T10:44:58 IST" time="0.000" errors="0">
  <testcase name="loginAsBankManager" time="0.000" classname="com.SeleniumLearn.testCases.BankManagerLoginTest">
    <skipped/>
  </testcase> <!-- loginAsBankManager -->
  <system-out>
    <![CDATA[test case finish
test case start]]>
  </system-out>
</testsuite> <!-- com.SeleniumLearn.testCases.BankManagerLoginTest -->
