<?xml version="1.0" encoding="UTF-8"?>
<!-- Generated by org.testng.reporters.JUnitReportReporter -->
<testsuite skipped="0" hostname="GAURANGA-PC" name="com.SeleniumLearn.testCases.BankManagerLoginTest" tests="1" failures="0" timestamp="2021-05-10T15:49:05 IST" time="5.214" errors="0">
  <testcase name="loginAsBankManager" time="5.214" classname="com.SeleniumLearn.testCases.BankManagerLoginTest"/>
  <system-out>
    <![CDATA[test case start
Login Successfully executed
test case Passed
<a href="D:\q.jpg">Screenshot</a>]]>
  </system-out>
</testsuite> <!-- com.SeleniumLearn.testCases.BankManagerLoginTest -->
